c:\users\admin\desktop\engine\hiwengine\hiwengine\x64\debug\vc143.pdb
c:\users\admin\desktop\engine\hiwengine\hiwengine\x64\debug\vc143.idb
c:\users\admin\desktop\engine\hiwengine\hiwengine\x64\debug\main.obj
c:\users\admin\desktop\engine\hiwengine\hiwengine\x64\debug\menu.obj
c:\users\admin\desktop\engine\hiwengine\x64\debug\hiwengine.exe
c:\users\admin\desktop\engine\hiwengine\x64\debug\hiwengine.pdb
<<<<<<< head
c:\users\admin\desktop\engine\hiwengine\hiwengine\x64\debug\hiwengine.ilk
=======
d:\projectenginefolder\hiwengine\hiwengine\x64\debug\hiwengine.ilk
>>>>>>> ef7dd52418383bc864df69ad6c48a66ac22f9661
c:\users\admin\desktop\engine\hiwengine\hiwengine\x64\debug\einputcontroller.obj
c:\users\admin\desktop\engine\hiwengine\hiwengine\x64\debug\hiwengine.tlog\cl.command.1.tlog
c:\users\admin\desktop\engine\hiwengine\hiwengine\x64\debug\hiwengine.tlog\cl.items.tlog
c:\users\admin\desktop\engine\hiwengine\hiwengine\x64\debug\hiwengine.tlog\cl.read.1.tlog
c:\users\admin\desktop\engine\hiwengine\hiwengine\x64\debug\hiwengine.tlog\cl.write.1.tlog
c:\users\admin\desktop\engine\hiwengine\hiwengine\x64\debug\hiwengine.tlog\link.command.1.tlog
c:\users\admin\desktop\engine\hiwengine\hiwengine\x64\debug\hiwengine.tlog\link.read.1.tlog
c:\users\admin\desktop\engine\hiwengine\hiwengine\x64\debug\hiwengine.tlog\link.secondary.1.tlog
c:\users\admin\desktop\engine\hiwengine\hiwengine\x64\debug\hiwengine.tlog\link.write.1.tlog
