<<<<<<< HEAD
﻿  main.cpp
C:\Users\Admin\Desktop\ENGINE\HiWEngine\main.cpp(37,17): warning C4244: инициализация: преобразование "unsigned int" в "float", возможна потеря данных
C:\Users\Admin\Desktop\ENGINE\HiWEngine\main.cpp(38,18): warning C4244: инициализация: преобразование "unsigned int" в "float", возможна потеря данных
C:\Users\Admin\Desktop\ENGINE\HiWEngine\main.cpp(225,105): warning C4244: аргумент: преобразование "unsigned int" в "T", возможна потеря данных
C:\Users\Admin\Desktop\ENGINE\HiWEngine\main.cpp(225,105): warning C4244:         with
C:\Users\Admin\Desktop\ENGINE\HiWEngine\main.cpp(225,105): warning C4244:         [
C:\Users\Admin\Desktop\ENGINE\HiWEngine\main.cpp(225,105): warning C4244:             T=float
C:\Users\Admin\Desktop\ENGINE\HiWEngine\main.cpp(225,105): warning C4244:         ]
C:\Users\Admin\Desktop\ENGINE\HiWEngine\main.cpp(225,70): warning C4244: аргумент: преобразование "unsigned int" в "T", возможна потеря данных
C:\Users\Admin\Desktop\ENGINE\HiWEngine\main.cpp(225,70): warning C4244:         with
C:\Users\Admin\Desktop\ENGINE\HiWEngine\main.cpp(225,70): warning C4244:         [
C:\Users\Admin\Desktop\ENGINE\HiWEngine\main.cpp(225,70): warning C4244:             T=float
C:\Users\Admin\Desktop\ENGINE\HiWEngine\main.cpp(225,70): warning C4244:         ]
  HiWEngine.vcxproj -> C:\Users\Admin\Desktop\ENGINE\HiWEngine\x64\Debug\HiWEngine.exe
=======
﻿  EInputController.cpp
  main.cpp
  Создание кода...
  LINK : не найден или не выполнена сборка D:\ProjectEngineFolder\HiWEngine\x64\Debug\HiWEngine.exe при последней инкрементной компоновке; выполняется полная компоновка
  HiWEngine.vcxproj -> D:\ProjectEngineFolder\HiWEngine\x64\Debug\HiWEngine.exe
>>>>>>> ef7dd52418383bc864df69ad6c48a66ac22f9661
